<?xml version="1.0" encoding="UTF-8"?>
<!-- Generated by org.testng.reporters.JUnitXMLReporter -->
<testsuite hostname="DESKTOP-3HCPP56" ignored="0" name="sample-maven-project" tests="1" failures="1" timestamp="11 Apr 2020 15:08:47 GMT" time="23.629" errors="0">
  <testcase name="verifyUserShouldNavigateToLoginPage1" time="2.65" classname="com.demo.nopcommerce.testsuite.LoginTest1">
    <failure type="java.lang.AssertionError" message="expected [Welcome, Please Sign In!] but found [Welcome, Please Sign !]">
      <![CDATA[java.lang.AssertionError: expected [Welcome, Please Sign In!] but found [Welcome, Please Sign !]
at com.demo.nopcommerce.testsuite.LoginTest1.verifyUserShouldNavigateToLoginPage1(LoginTest1.java:18)
at com.intellij.rt.testng.IDEARemoteTestNG.run(IDEARemoteTestNG.java:66)
at com.intellij.rt.testng.RemoteTestNGStarter.main(RemoteTestNGStarter.java:110)
... Removed 28 stack frames]]>
    </failure>
  </testcase> <!-- verifyUserShouldNavigateToLoginPage1 -->
</testsuite> <!-- sample-maven-project -->
